#
# There is insufficient memory for the Java Runtime Environment to continue.
# Native memory allocation (mmap) failed to map 65536 bytes. Error detail: Failed to commit metaspace.
# Possible reasons:
#   The system is out of physical RAM or swap space
#   This process is running with CompressedOops enabled, and the Java Heap may be blocking the growth of the native heap
# Possible solutions:
#   Reduce memory load on the system
#   Increase physical memory or swap space
#   Check if swap backing store is full
#   Decrease Java heap size (-Xmx/-Xms)
#   Decrease number of Java threads
#   Decrease Java thread stack sizes (-Xss)
#   Set larger code cache with -XX:ReservedCodeCacheSize=
#   JVM is running with Unscaled Compressed Oops mode in which the Java heap is
#     placed in the first 4GB address space. The Java Heap base address is the
#     maximum limit for the native heap growth. Please use -XX:HeapBaseMinAddress
#     to set the Java Heap base and to place the Java Heap above 4GB virtual address.
# This output file may be truncated or incomplete.
#
#  Out of Memory Error (virtualSpaceNode.cpp:110), pid=15412, tid=244
#
# JRE version:  (17.0.11+9) (build )
# Java VM: OpenJDK 64-Bit Server VM (17.0.11+9, mixed mode, tiered, compressed oops, compressed class ptrs, parallel gc, windows-amd64)
# No core dump will be written. Minidumps are not enabled by default on client versions of Windows
#

---------------  S U M M A R Y ------------

Command Line: --add-modules=ALL-SYSTEM --add-opens=java.base/java.util=ALL-UNNAMED --add-opens=java.base/java.lang=ALL-UNNAMED --add-opens=java.base/sun.nio.fs=ALL-UNNAMED -Declipse.application=org.eclipse.jdt.ls.core.id1 -Dosgi.bundles.defaultStartLevel=4 -Declipse.product=org.eclipse.jdt.ls.core.product -Djava.import.generatesMetadataFilesAtProjectRoot=false -DDetectVMInstallationsJob.disabled=true -Dfile.encoding=utf8 -XX:+UseParallelGC -XX:GCTimeRatio=4 -XX:AdaptiveSizePolicyWeight=90 -Dsun.zip.disableMemoryMapping=true -Xmx1G -Xms100m -Xlog:disable -javaagent:c:\Users\quato\.vscode\extensions\redhat.java-1.33.0-win32-x64\lombok\lombok-1.18.33.jar c:\Users\quato\.vscode\extensions\redhat.java-1.33.0-win32-x64\server\plugins\org.eclipse.equinox.launcher_1.6.900.v20240613-2009.jar -configuration c:\Users\quato\AppData\Roaming\Code\User\globalStorage\redhat.java\1.33.0\config_ss_win -data c:\Users\quato\AppData\Roaming\Code\User\workspaceStorage\fdc9cdd886b1fefd2b4354266d6ebaa6\redhat.java\ss_ws --pipe=\\.\pipe\lsp-c915fd635895be85c7623942a7b4dede-sock

Host: Intel(R) Core(TM) i3-6100 CPU @ 3.70GHz, 4 cores, 7G,  Windows 10 , 64 bit Build 19041 (10.0.19041.4717)
Time: Wed Aug 28 17:50:40 2024 Eastern Daylight Time elapsed time: 0.181673 seconds (0d 0h 0m 0s)

---------------  T H R E A D  ---------------

Current thread (0x000001fc05ddff20):  JavaThread "Unknown thread" [_thread_in_vm, id=244, stack(0x00000080c8700000,0x00000080c8800000)]

Stack: [0x00000080c8700000,0x00000080c8800000]
Native frames: (J=compiled Java code, j=interpreted, Vv=VM code, C=native code)
V  [jvm.dll+0x67d429]
V  [jvm.dll+0x834b7a]
V  [jvm.dll+0x83663e]
V  [jvm.dll+0x836ca3]
V  [jvm.dll+0x247dbf]
V  [jvm.dll+0x83083b]
V  [jvm.dll+0x621d56]
V  [jvm.dll+0x621dba]
V  [jvm.dll+0x6245ea]
V  [jvm.dll+0x6226f6]
V  [jvm.dll+0x23c27f]
V  [jvm.dll+0x62c585]
V  [jvm.dll+0x1ebb1b]
V  [jvm.dll+0x1ec055]
V  [jvm.dll+0x1ecb10]
V  [jvm.dll+0x1e1f11]
V  [jvm.dll+0x54250e]
V  [jvm.dll+0x1f2957]
V  [jvm.dll+0x7ae0cb]
V  [jvm.dll+0x7af499]
V  [jvm.dll+0x7afd13]
V  [jvm.dll+0x1ecdc4]
V  [jvm.dll+0x1e1f2a]
V  [jvm.dll+0x54250e]
V  [jvm.dll+0x1f2957]
V  [jvm.dll+0x7ae0cb]
V  [jvm.dll+0x7af499]
V  [jvm.dll+0x7af7e8]
V  [jvm.dll+0x832f2f]
V  [jvm.dll+0x832c80]
V  [jvm.dll+0x804cba]
V  [jvm.dll+0x80645d]
V  [jvm.dll+0x36c591]
V  [jvm.dll+0x7e4f56]
V  [jvm.dll+0x3efdcf]
V  [jvm.dll+0x3f1921]
C  [jli.dll+0x528f]
C  [ucrtbase.dll+0x21bb2]
C  [KERNEL32.DLL+0x17374]
C  [ntdll.dll+0x4cc91]


---------------  P R O C E S S  ---------------

Threads class SMR info:
_java_thread_list=0x00007ffcb028eed8, length=0, elements={
}

Java Threads: ( => current thread )

Other Threads:
  0x000001fc05df6040 GCTaskThread "GC Thread#0" [stack: 0x00000080c8800000,0x00000080c8900000] [id=11220]

=>0x000001fc05ddff20 (exited) JavaThread "Unknown thread" [_thread_in_vm, id=244, stack(0x00000080c8700000,0x00000080c8800000)]

Threads with active compile tasks:

VM state: not at safepoint (not fully initialized)

VM Mutex/Monitor currently owned by a thread:  ([mutex/lock_event])
[0x000001fc05ddad60] Metaspace_lock - owner thread: 0x000001fc05ddff20

Heap address: 0x00000000c0000000, size: 1024 MB, Compressed Oops mode: 32-bit

CDS archive(s) not mapped
Compressed class space mapped at: 0x0000000100000000-0x0000000140000000, reserved size: 1073741824
Narrow klass base: 0x0000000000000000, Narrow klass shift: 3, Narrow klass range: 0x140000000

GC Precious Log:
 CPUs: 4 total, 4 available
 Memory: 8076M
 Large Page Support: Disabled
 NUMA Support: Disabled
 Compressed Oops: Enabled (32-bit)
 Alignments: Space 512K, Generation 512K, Heap 2M
 Heap Min Capacity: 100M
 Heap Initial Capacity: 100M
 Heap Max Capacity: 1G
 Pre-touch: Disabled
 Parallel Workers: 4

Heap:
 PSYoungGen      total 29696K, used 512K [0x00000000eab00000, 0x00000000ecc00000, 0x0000000100000000)
  eden space 25600K, 2% used [0x00000000eab00000,0x00000000eab80070,0x00000000ec400000)
  from space 4096K, 0% used [0x00000000ec800000,0x00000000ec800000,0x00000000ecc00000)
  to   space 4096K, 0% used [0x00000000ec400000,0x00000000ec400000,0x00000000ec800000)
 ParOldGen       total 68608K, used 0K [0x00000000c0000000, 0x00000000c4300000, 0x00000000eab00000)
  object space 68608K, 0% used [0x00000000c0000000,0x00000000c0000000,0x00000000c4300000)
 Metaspace       used 497K, committed 512K, reserved 1114112K
  class space    used 49K, committed 64K, reserved 1048576K

Card table byte_map: [0x000001fc05780000,0x000001fc05990000] _byte_map_base: 0x000001fc05180000

Marking Bits: (ParMarkBitMap*) 0x00007ffcb02fd820
 Begin Bits: [0x000001fc17a80000, 0x000001fc18a80000)
 End Bits:   [0x000001fc18a80000, 0x000001fc19a80000)

GC Heap History (0 events):
No events

Dll operation events (1 events):
Event: 0.029 Loaded shared library c:\Users\quato\.vscode\extensions\redhat.java-1.33.0-win32-x64\jre\17.0.11-win32-x86_64\bin\java.dll

Deoptimization events (0 events):
No events

Classes unloaded (0 events):
No events

Classes redefined (0 events):
No events

Internal exceptions (0 events):
No events

VM Operations (0 events):
No events

Events (20 events):
Event: 0.130 loading class jdk/internal/reflect/DelegatingClassLoader
Event: 0.130 loading class jdk/internal/reflect/DelegatingClassLoader done
Event: 0.130 loading class jdk/internal/reflect/ConstantPool
Event: 0.130 loading class jdk/internal/reflect/ConstantPool done
Event: 0.130 loading class jdk/internal/reflect/UnsafeStaticFieldAccessorImpl
Event: 0.130 loading class jdk/internal/reflect/UnsafeFieldAccessorImpl
Event: 0.130 loading class jdk/internal/reflect/FieldAccessorImpl
Event: 0.130 loading class jdk/internal/reflect/FieldAccessor
Event: 0.130 loading class jdk/internal/reflect/FieldAccessor done
Event: 0.130 loading class jdk/internal/reflect/FieldAccessorImpl done
Event: 0.131 loading class jdk/internal/reflect/UnsafeFieldAccessorImpl done
Event: 0.131 loading class jdk/internal/reflect/UnsafeStaticFieldAccessorImpl done
Event: 0.131 loading class jdk/internal/reflect/CallerSensitive
Event: 0.131 loading class java/lang/annotation/Annotation
Event: 0.131 loading class java/lang/annotation/Annotation done
Event: 0.131 loading class jdk/internal/reflect/CallerSensitive done
Event: 0.131 loading class jdk/internal/reflect/NativeConstructorAccessorImpl
Event: 0.131 loading class jdk/internal/reflect/NativeConstructorAccessorImpl done
Event: 0.131 loading class java/lang/invoke/DirectMethodHandle
Event: 0.137 loading class java/lang/invoke/MethodHandle


Dynamic libraries:
0x00007ff784b80000 - 0x00007ff784b8e000 	c:\Users\quato\.vscode\extensions\redhat.java-1.33.0-win32-x64\jre\17.0.11-win32-x86_64\bin\java.exe
0x00007ffd1e070000 - 0x00007ffd1e268000 	C:\WINDOWS\SYSTEM32\ntdll.dll
0x00007ffd1c6a0000 - 0x00007ffd1c761000 	C:\WINDOWS\System32\KERNEL32.DLL
0x00007ffd1ba80000 - 0x00007ffd1bd7d000 	C:\WINDOWS\System32\KERNELBASE.dll
0x00007ffd1b720000 - 0x00007ffd1b820000 	C:\WINDOWS\System32\ucrtbase.dll
0x00007ffd0d610000 - 0x00007ffd0d627000 	c:\Users\quato\.vscode\extensions\redhat.java-1.33.0-win32-x64\jre\17.0.11-win32-x86_64\bin\jli.dll
0x00007ffd1c300000 - 0x00007ffd1c49d000 	C:\WINDOWS\System32\USER32.dll
0x00007ffd1be80000 - 0x00007ffd1bea2000 	C:\WINDOWS\System32\win32u.dll
0x00007ffd1c5e0000 - 0x00007ffd1c60b000 	C:\WINDOWS\System32\GDI32.dll
0x00007ffd1bf50000 - 0x00007ffd1c067000 	C:\WINDOWS\System32\gdi32full.dll
0x00007ffd1beb0000 - 0x00007ffd1bf4d000 	C:\WINDOWS\System32\msvcp_win.dll
0x00007ffd0d490000 - 0x00007ffd0d4ab000 	c:\Users\quato\.vscode\extensions\redhat.java-1.33.0-win32-x64\jre\17.0.11-win32-x86_64\bin\VCRUNTIME140.dll
0x00007ffcfe7c0000 - 0x00007ffcfea5a000 	C:\WINDOWS\WinSxS\amd64_microsoft.windows.common-controls_6595b64144ccf1df_6.0.19041.4355_none_60b8b9eb71f62e16\COMCTL32.dll
0x00007ffd1c1b0000 - 0x00007ffd1c24e000 	C:\WINDOWS\System32\msvcrt.dll
0x00007ffd1c580000 - 0x00007ffd1c5af000 	C:\WINDOWS\System32\IMM32.DLL
0x00007ffd0d600000 - 0x00007ffd0d60c000 	c:\Users\quato\.vscode\extensions\redhat.java-1.33.0-win32-x64\jre\17.0.11-win32-x86_64\bin\vcruntime140_1.dll
0x00007ffcee320000 - 0x00007ffcee3ad000 	c:\Users\quato\.vscode\extensions\redhat.java-1.33.0-win32-x64\jre\17.0.11-win32-x86_64\bin\msvcp140.dll
0x00007ffcaf760000 - 0x00007ffcb03c2000 	c:\Users\quato\.vscode\extensions\redhat.java-1.33.0-win32-x64\jre\17.0.11-win32-x86_64\bin\server\jvm.dll
0x00007ffd1c770000 - 0x00007ffd1c820000 	C:\WINDOWS\System32\ADVAPI32.dll
0x00007ffd1d030000 - 0x00007ffd1d0d0000 	C:\WINDOWS\System32\sechost.dll
0x00007ffd1cc90000 - 0x00007ffd1cdb3000 	C:\WINDOWS\System32\RPCRT4.dll
0x00007ffd1c070000 - 0x00007ffd1c097000 	C:\WINDOWS\System32\bcrypt.dll
0x00007ffd1b010000 - 0x00007ffd1b05b000 	C:\WINDOWS\SYSTEM32\POWRPROF.dll
0x00007ffd06540000 - 0x00007ffd06549000 	C:\WINDOWS\SYSTEM32\WSOCK32.dll
0x00007ffd1cc20000 - 0x00007ffd1cc8b000 	C:\WINDOWS\System32\WS2_32.dll
0x00007ffcfc980000 - 0x00007ffcfc9a7000 	C:\WINDOWS\SYSTEM32\WINMM.dll
0x00007ffd14300000 - 0x00007ffd1430a000 	C:\WINDOWS\SYSTEM32\VERSION.dll
0x00007ffd1aff0000 - 0x00007ffd1b002000 	C:\WINDOWS\SYSTEM32\UMPDC.dll
0x00007ffd19580000 - 0x00007ffd19592000 	C:\WINDOWS\SYSTEM32\kernel.appcore.dll
0x00007ffd0d480000 - 0x00007ffd0d48a000 	c:\Users\quato\.vscode\extensions\redhat.java-1.33.0-win32-x64\jre\17.0.11-win32-x86_64\bin\jimage.dll
0x00007ffd14be0000 - 0x00007ffd14dc4000 	C:\WINDOWS\SYSTEM32\DBGHELP.DLL
0x00007ffd14270000 - 0x00007ffd142a4000 	C:\WINDOWS\SYSTEM32\dbgcore.DLL
0x00007ffd1b820000 - 0x00007ffd1b8a2000 	C:\WINDOWS\System32\bcryptPrimitives.dll
0x00007ffd08fe0000 - 0x00007ffd08fee000 	c:\Users\quato\.vscode\extensions\redhat.java-1.33.0-win32-x64\jre\17.0.11-win32-x86_64\bin\instrument.dll
0x00007ffd04b90000 - 0x00007ffd04bb5000 	c:\Users\quato\.vscode\extensions\redhat.java-1.33.0-win32-x64\jre\17.0.11-win32-x86_64\bin\java.dll
0x00007ffd06220000 - 0x00007ffd06238000 	c:\Users\quato\.vscode\extensions\redhat.java-1.33.0-win32-x64\jre\17.0.11-win32-x86_64\bin\zip.dll

dbghelp: loaded successfully - version: 4.0.5 - missing functions: none
symbol engine: initialized successfully - sym options: 0x614 - pdb path: .;c:\Users\quato\.vscode\extensions\redhat.java-1.33.0-win32-x64\jre\17.0.11-win32-x86_64\bin;C:\WINDOWS\SYSTEM32;C:\WINDOWS\WinSxS\amd64_microsoft.windows.common-controls_6595b64144ccf1df_6.0.19041.4355_none_60b8b9eb71f62e16;c:\Users\quato\.vscode\extensions\redhat.java-1.33.0-win32-x64\jre\17.0.11-win32-x86_64\bin\server

VM Arguments:
jvm_args: --add-modules=ALL-SYSTEM --add-opens=java.base/java.util=ALL-UNNAMED --add-opens=java.base/java.lang=ALL-UNNAMED --add-opens=java.base/sun.nio.fs=ALL-UNNAMED -Declipse.application=org.eclipse.jdt.ls.core.id1 -Dosgi.bundles.defaultStartLevel=4 -Declipse.product=org.eclipse.jdt.ls.core.product -Djava.import.generatesMetadataFilesAtProjectRoot=false -DDetectVMInstallationsJob.disabled=true -Dfile.encoding=utf8 -XX:+UseParallelGC -XX:GCTimeRatio=4 -XX:AdaptiveSizePolicyWeight=90 -Dsun.zip.disableMemoryMapping=true -Xmx1G -Xms100m -Xlog:disable -javaagent:c:\Users\quato\.vscode\extensions\redhat.java-1.33.0-win32-x64\lombok\lombok-1.18.33.jar 
java_command: c:\Users\quato\.vscode\extensions\redhat.java-1.33.0-win32-x64\server\plugins\org.eclipse.equinox.launcher_1.6.900.v20240613-2009.jar -configuration c:\Users\quato\AppData\Roaming\Code\User\globalStorage\redhat.java\1.33.0\config_ss_win -data c:\Users\quato\AppData\Roaming\Code\User\workspaceStorage\fdc9cdd886b1fefd2b4354266d6ebaa6\redhat.java\ss_ws --pipe=\\.\pipe\lsp-c915fd635895be85c7623942a7b4dede-sock
java_class_path (initial): c:\Users\quato\.vscode\extensions\redhat.java-1.33.0-win32-x64\server\plugins\org.eclipse.equinox.launcher_1.6.900.v20240613-2009.jar
Launcher Type: SUN_STANDARD

[Global flags]
    uintx AdaptiveSizePolicyWeight                 = 90                                        {product} {command line}
     intx CICompilerCount                          = 3                                         {product} {ergonomic}
    uintx GCTimeRatio                              = 4                                         {product} {command line}
   size_t InitialHeapSize                          = 104857600                                 {product} {command line}
   size_t MaxHeapSize                              = 1073741824                                {product} {command line}
   size_t MaxNewSize                               = 357564416                                 {product} {ergonomic}
   size_t MinHeapDeltaBytes                        = 524288                                    {product} {ergonomic}
   size_t MinHeapSize                              = 104857600                                 {product} {command line}
   size_t NewSize                                  = 34603008                                  {product} {ergonomic}
    uintx NonNMethodCodeHeapSize                   = 5832780                                {pd product} {ergonomic}
    uintx NonProfiledCodeHeapSize                  = 122912730                              {pd product} {ergonomic}
   size_t OldSize                                  = 70254592                                  {product} {ergonomic}
    uintx ProfiledCodeHeapSize                     = 122912730                              {pd product} {ergonomic}
    uintx ReservedCodeCacheSize                    = 251658240                              {pd product} {ergonomic}
     bool SegmentedCodeCache                       = true                                      {product} {ergonomic}
   size_t SoftMaxHeapSize                          = 1073741824                             {manageable} {ergonomic}
     bool UseCompressedClassPointers               = true                           {product lp64_product} {ergonomic}
     bool UseCompressedOops                        = true                           {product lp64_product} {ergonomic}
     bool UseLargePagesIndividualAllocation        = false                                  {pd product} {ergonomic}
     bool UseParallelGC                            = true                                      {product} {command line}

Logging:
Log output configuration:
 #0: stdout all=off uptime,level,tags
 #1: stderr all=off uptime,level,tags

Environment Variables:
JAVA_HOME=C:\Users\quato\AppData\Local\Programs\Eclipse Adoptium\jdk-17.0.4.101-hotspot\
PATH=C:\Program Files\Common Files\Oracle\Java\javapath;C:\Python312\Scripts\;C:\Python312\;C:\Program Files (x86)\Common Files\Oracle\Java\javapath;C:\WINDOWS\system32;C:\WINDOWS;C:\WINDOWS\System32\Wbem;C:\WINDOWS\System32\WindowsPowerShell\v1.0\;C:\WINDOWS\System32\OpenSSH\;C:\ProgramData\chocolatey\bin;C:\xampp\php;%NVM_HOME%;%NVM_SYMLINK%;C:\Program Files\PuTTY\;C:\Program Files\Docker\Docker\resources\bin;C:\Users\quato\AppData\Local\Programs\Eclipse Adoptium\jdk-17.0.4.101-hotspot\bin;C:\Users\quato\AppData\Local\Microsoft\WindowsApps;C:\Users\quato\AppData\Local\Programs\Microsoft VS Code\bin;C:\Users\quato\AppData\Roaming\npm;C:\Users\quato\AppData\Roaming\nvm;C:\Program Files\nodejs
USERNAME=quato
OS=Windows_NT
PROCESSOR_IDENTIFIER=Intel64 Family 6 Model 94 Stepping 3, GenuineIntel
TMP=C:\Users\quato\AppData\Local\Temp
TEMP=C:\Users\quato\AppData\Local\Temp



Periodic native trim disabled


---------------  S Y S T E M  ---------------

OS:
 Windows 10 , 64 bit Build 19041 (10.0.19041.4717)
OS uptime: 0 days 1:59 hours
Hyper-V role detected

CPU: total 4 (initial active 4) (2 cores per cpu, 2 threads per core) family 6 model 94 stepping 3 microcode 0xec, cx8, cmov, fxsr, ht, mmx, 3dnowpref, sse, sse2, sse3, ssse3, sse4.1, sse4.2, popcnt, lzcnt, tsc, tscinvbit, avx, avx2, aes, erms, clmul, bmi1, bmi2, adx, fma, vzeroupper, clflush, clflushopt, hv
Processor Information for all 4 processors :
  Max Mhz: 3696, Current Mhz: 3696, Mhz Limit: 3696

Memory: 4k page, system-wide physical 8076M (651M free)
TotalPageFile size 13168M (AvailPageFile size 15M)
current process WorkingSet (physical memory assigned to process): 13M, peak: 13M
current process commit charge ("private bytes"): 147M, peak: 147M

vm_info: OpenJDK 64-Bit Server VM (17.0.11+9) for windows-amd64 JRE (17.0.11+9), built on Apr 17 2024 06:07:48 by "admin" with MS VC++ 16.10 / 16.11 (VS2019)

END.
