#
# There is insufficient memory for the Java Runtime Environment to continue.
# Native memory allocation (malloc) failed to allocate 152016 bytes. Error detail: Chunk::new
# Possible reasons:
#   The system is out of physical RAM or swap space
#   This process is running with CompressedOops enabled, and the Java Heap may be blocking the growth of the native heap
# Possible solutions:
#   Reduce memory load on the system
#   Increase physical memory or swap space
#   Check if swap backing store is full
#   Decrease Java heap size (-Xmx/-Xms)
#   Decrease number of Java threads
#   Decrease Java thread stack sizes (-Xss)
#   Set larger code cache with -XX:ReservedCodeCacheSize=
#   JVM is running with Unscaled Compressed Oops mode in which the Java heap is
#     placed in the first 4GB address space. The Java Heap base address is the
#     maximum limit for the native heap growth. Please use -XX:HeapBaseMinAddress
#     to set the Java Heap base and to place the Java Heap above 4GB virtual address.
# This output file may be truncated or incomplete.
#
#  Out of Memory Error (arena.cpp:191), pid=5940, tid=7028
#
# JRE version: OpenJDK Runtime Environment Temurin-17.0.11+9 (17.0.11+9) (build 17.0.11+9)
# Java VM: OpenJDK 64-Bit Server VM Temurin-17.0.11+9 (17.0.11+9, mixed mode, tiered, compressed oops, compressed class ptrs, parallel gc, windows-amd64)
# No core dump will be written. Minidumps are not enabled by default on client versions of Windows
#

---------------  S U M M A R Y ------------

Command Line: --add-modules=ALL-SYSTEM --add-opens=java.base/java.util=ALL-UNNAMED --add-opens=java.base/java.lang=ALL-UNNAMED --add-opens=java.base/sun.nio.fs=ALL-UNNAMED -Declipse.application=org.eclipse.jdt.ls.core.id1 -Dosgi.bundles.defaultStartLevel=4 -Declipse.product=org.eclipse.jdt.ls.core.product -Djava.import.generatesMetadataFilesAtProjectRoot=false -DDetectVMInstallationsJob.disabled=true -Dfile.encoding=utf8 -XX:+UseParallelGC -XX:GCTimeRatio=4 -XX:AdaptiveSizePolicyWeight=90 -Dsun.zip.disableMemoryMapping=true -Xmx1G -Xms100m -Xlog:disable -javaagent:c:\Users\quato\.vscode\extensions\redhat.java-1.33.0-win32-x64\lombok\lombok-1.18.33.jar c:\Users\quato\.vscode\extensions\redhat.java-1.33.0-win32-x64\server\plugins\org.eclipse.equinox.launcher_1.6.900.v20240613-2009.jar -configuration c:\Users\quato\AppData\Roaming\Code\User\globalStorage\redhat.java\1.33.0\config_ss_win -data c:\Users\quato\AppData\Roaming\Code\User\workspaceStorage\fdc9cdd886b1fefd2b4354266d6ebaa6\redhat.java\ss_ws --pipe=\\.\pipe\lsp-d4934b2c9c93d8ad28cad43c6afd6bda-sock

Host: Intel(R) Core(TM) i3-6100 CPU @ 3.70GHz, 4 cores, 7G,  Windows 10 , 64 bit Build 19041 (10.0.19041.4717)
Time: Wed Aug 28 17:51:10 2024 Eastern Daylight Time elapsed time: 4.496976 seconds (0d 0h 0m 4s)

---------------  T H R E A D  ---------------

Current thread (0x000002327c2e0830):  JavaThread "C2 CompilerThread0" daemon [_thread_in_native, id=7028, stack(0x000000c446400000,0x000000c446500000)]


Current CompileTask:
C2:   4497 1414       4       java.util.HashMap::put (13 bytes)

Stack: [0x000000c446400000,0x000000c446500000]
Native frames: (J=compiled Java code, j=interpreted, Vv=VM code, C=native code)
V  [jvm.dll+0x67d429]
V  [jvm.dll+0x834b7a]
V  [jvm.dll+0x83663e]
V  [jvm.dll+0x836ca3]
V  [jvm.dll+0x247dbf]
V  [jvm.dll+0xac534]
V  [jvm.dll+0xacb7c]
V  [jvm.dll+0x3665f2]
V  [jvm.dll+0x330bba]
V  [jvm.dll+0x33005a]
V  [jvm.dll+0x21a471]
V  [jvm.dll+0x2198b1]
V  [jvm.dll+0x1a534d]
V  [jvm.dll+0x2295cd]
V  [jvm.dll+0x22779c]
V  [jvm.dll+0x7e9d07]
V  [jvm.dll+0x7e410a]
V  [jvm.dll+0x67c315]
C  [ucrtbase.dll+0x21bb2]
C  [KERNEL32.DLL+0x17374]
C  [ntdll.dll+0x4cc91]


---------------  P R O C E S S  ---------------

Threads class SMR info:
_java_thread_list=0x000002327de8e9a0, length=14, elements={
0x000002326846ede0, 0x000002326852a720, 0x000002326852c240, 0x000002327c2dc160,
0x000002327c2dcfe0, 0x000002327c2dde60, 0x000002327c2dea20, 0x000002327c2e0830,
0x000002327c30e840, 0x000002327d45a340, 0x00000232684d4aa0, 0x000002327d678f20,
0x000002327dc9cf20, 0x000002327e098040
}

Java Threads: ( => current thread )
  0x000002326846ede0 JavaThread "main" [_thread_in_vm, id=12300, stack(0x000000c445b00000,0x000000c445c00000)]
  0x000002326852a720 JavaThread "Reference Handler" daemon [_thread_blocked, id=11864, stack(0x000000c445e00000,0x000000c445f00000)]
  0x000002326852c240 JavaThread "Finalizer" daemon [_thread_blocked, id=6920, stack(0x000000c445f00000,0x000000c446000000)]
  0x000002327c2dc160 JavaThread "Signal Dispatcher" daemon [_thread_blocked, id=9876, stack(0x000000c446000000,0x000000c446100000)]
  0x000002327c2dcfe0 JavaThread "Attach Listener" daemon [_thread_blocked, id=9696, stack(0x000000c446100000,0x000000c446200000)]
  0x000002327c2dde60 JavaThread "Service Thread" daemon [_thread_blocked, id=12368, stack(0x000000c446200000,0x000000c446300000)]
  0x000002327c2dea20 JavaThread "Monitor Deflation Thread" daemon [_thread_blocked, id=8544, stack(0x000000c446300000,0x000000c446400000)]
=>0x000002327c2e0830 JavaThread "C2 CompilerThread0" daemon [_thread_in_native, id=7028, stack(0x000000c446400000,0x000000c446500000)]
  0x000002327c30e840 JavaThread "C1 CompilerThread0" daemon [_thread_blocked, id=15980, stack(0x000000c446500000,0x000000c446600000)]
  0x000002327d45a340 JavaThread "Sweeper thread" daemon [_thread_blocked, id=1852, stack(0x000000c446600000,0x000000c446700000)]
  0x00000232684d4aa0 JavaThread "Common-Cleaner" daemon [_thread_blocked, id=17088, stack(0x000000c446700000,0x000000c446800000)]
  0x000002327d678f20 JavaThread "Notification Thread" daemon [_thread_blocked, id=15004, stack(0x000000c446800000,0x000000c446900000)]
  0x000002327dc9cf20 JavaThread "C2 CompilerThread1" daemon [_thread_blocked, id=8924, stack(0x000000c446d00000,0x000000c446e00000)]
  0x000002327e098040 JavaThread "Active Thread: Equinox Container: c6c5ed52-0acc-4be6-9aba-9ae52c723ed2" [_thread_blocked, id=7336, stack(0x000000c446e00000,0x000000c446f00000)]

Other Threads:
  0x0000023268526c10 VMThread "VM Thread" [stack: 0x000000c445d00000,0x000000c445e00000] [id=11104]
  0x000002327d5f1a50 WatcherThread [stack: 0x000000c446900000,0x000000c446a00000] [id=13680]
  0x0000023268486e20 GCTaskThread "GC Thread#0" [stack: 0x000000c445c00000,0x000000c445d00000] [id=2656]
  0x000002327dad5b50 GCTaskThread "GC Thread#1" [stack: 0x000000c446a00000,0x000000c446b00000] [id=2328]
  0x000002327e06a030 GCTaskThread "GC Thread#2" [stack: 0x000000c446b00000,0x000000c446c00000] [id=12988]
  0x000002327da105b0 GCTaskThread "GC Thread#3" [stack: 0x000000c446c00000,0x000000c446d00000] [id=5508]

Threads with active compile tasks:
C2 CompilerThread0     4541 1414       4       java.util.HashMap::put (13 bytes)

VM state: not at safepoint (normal execution)

VM Mutex/Monitor currently owned by a thread: None

Heap address: 0x00000000c0000000, size: 1024 MB, Compressed Oops mode: 32-bit

CDS archive(s) not mapped
Compressed class space mapped at: 0x0000000100000000-0x0000000140000000, reserved size: 1073741824
Narrow klass base: 0x0000000000000000, Narrow klass shift: 3, Narrow klass range: 0x140000000

GC Precious Log:
 CPUs: 4 total, 4 available
 Memory: 8076M
 Large Page Support: Disabled
 NUMA Support: Disabled
 Compressed Oops: Enabled (32-bit)
 Alignments: Space 512K, Generation 512K, Heap 2M
 Heap Min Capacity: 100M
 Heap Initial Capacity: 100M
 Heap Max Capacity: 1G
 Pre-touch: Disabled
 Parallel Workers: 4

Heap:
 PSYoungGen      total 29696K, used 19789K [0x00000000eab00000, 0x00000000ecc00000, 0x0000000100000000)
  eden space 25600K, 65% used [0x00000000eab00000,0x00000000ebb422b8,0x00000000ec400000)
  from space 4096K, 76% used [0x00000000ec400000,0x00000000ec7112e0,0x00000000ec800000)
  to   space 4096K, 0% used [0x00000000ec800000,0x00000000ec800000,0x00000000ecc00000)
 ParOldGen       total 68608K, used 0K [0x00000000c0000000, 0x00000000c4300000, 0x00000000eab00000)
  object space 68608K, 0% used [0x00000000c0000000,0x00000000c0000000,0x00000000c4300000)
 Metaspace       used 13468K, committed 13632K, reserved 1114112K
  class space    used 1328K, committed 1408K, reserved 1048576K

Card table byte_map: [0x0000023267e40000,0x0000023268050000] _byte_map_base: 0x0000023267840000

Marking Bits: (ParMarkBitMap*) 0x00007ffca89ed820
 Begin Bits: [0x000002327a110000, 0x000002327b110000)
 End Bits:   [0x000002327b110000, 0x000002327c110000)

Polling page: 0x0000023267c30000

Metaspace:

Usage:
  Non-class:     11.86 MB used.
      Class:      1.30 MB used.
       Both:     13.15 MB used.

Virtual space:
  Non-class space:       64.00 MB reserved,      11.94 MB ( 19%) committed,  1 nodes.
      Class space:        1.00 GB reserved,       1.38 MB ( <1%) committed,  1 nodes.
             Both:        1.06 GB reserved,      13.31 MB (  1%) committed. 

Chunk freelists:
   Non-Class:  3.53 MB
       Class:  14.52 MB
        Both:  18.05 MB

MaxMetaspaceSize: unlimited
CompressedClassSpaceSize: 1.00 GB
Initial GC threshold: 21.00 MB
Current GC threshold: 21.00 MB
CDS: off
MetaspaceReclaimPolicy: balanced
 - commit_granule_bytes: 65536.
 - commit_granule_words: 8192.
 - virtual_space_node_default_size: 8388608.
 - enlarge_chunks_in_place: 1.
 - new_chunks_are_fully_committed: 0.
 - uncommit_free_chunks: 1.
 - use_allocation_guard: 0.
 - handle_deallocations: 1.


Internal statistics:

num_allocs_failed_limit: 0.
num_arena_births: 52.
num_arena_deaths: 0.
num_vsnodes_births: 2.
num_vsnodes_deaths: 0.
num_space_committed: 213.
num_space_uncommitted: 0.
num_chunks_returned_to_freelist: 0.
num_chunks_taken_from_freelist: 207.
num_chunk_merges: 0.
num_chunk_splits: 139.
num_chunks_enlarged: 114.
num_inconsistent_stats: 0.

CodeHeap 'non-profiled nmethods': size=120000Kb used=611Kb max_used=611Kb free=119388Kb
 bounds [0x0000023272be0000, 0x0000023272e50000, 0x000002327a110000]
CodeHeap 'profiled nmethods': size=120000Kb used=2574Kb max_used=2574Kb free=117426Kb
 bounds [0x000002326b110000, 0x000002326b3a0000, 0x0000023272640000]
CodeHeap 'non-nmethods': size=5760Kb used=1155Kb max_used=1177Kb free=4604Kb
 bounds [0x0000023272640000, 0x00000232728b0000, 0x0000023272be0000]
 total_blobs=1869 nmethods=1424 adapters=359
 compilation: enabled
              stopped_count=0, restarted_count=0
 full_count=0

Compilation events (20 events):
Event: 4.454 Thread 0x000002327c30e840 1405       1       org.eclipse.osgi.container.ModuleRevision::getRevisionInfo (5 bytes)
Event: 4.454 Thread 0x000002327c30e840 nmethod 1405 0x0000023272c76190 code [0x0000023272c76320, 0x0000023272c763f8]
Event: 4.454 Thread 0x000002327c30e840 1407   !   3       java.util.jar.JarVerifier::processEntry (440 bytes)
Event: 4.458 Thread 0x000002327c2e0830 nmethod 1398 0x0000023272c76490 code [0x0000023272c76640, 0x0000023272c76f58]
Event: 4.459 Thread 0x000002327c30e840 nmethod 1407 0x000002326b381710 code [0x000002326b381be0, 0x000002326b384348]
Event: 4.459 Thread 0x000002327c30e840 1408       3       sun.security.util.ManifestEntryVerifier::verify (459 bytes)
Event: 4.462 Thread 0x000002327c30e840 nmethod 1408 0x000002326b385610 code [0x000002326b385ac0, 0x000002326b387f78]
Event: 4.462 Thread 0x000002327c30e840 1411       3       java.util.HashMap::putVal (300 bytes)
Event: 4.463 Thread 0x000002327c30e840 nmethod 1411 0x000002326b388d10 code [0x000002326b388fc0, 0x000002326b38a0d8]
Event: 4.463 Thread 0x000002327c30e840 1409       3       java.util.jar.JarVerifier::mapSignersToCertArray (68 bytes)
Event: 4.463 Thread 0x000002327c30e840 nmethod 1409 0x000002326b38a590 code [0x000002326b38a7a0, 0x000002326b38ae18]
Event: 4.463 Thread 0x000002327c30e840 1410       1       org.eclipse.osgi.internal.framework.EquinoxContainer::getConfiguration (5 bytes)
Event: 4.464 Thread 0x000002327c30e840 nmethod 1410 0x0000023272c77390 code [0x0000023272c77520, 0x0000023272c775f8]
Event: 4.466 Thread 0x000002327c30e840 1412       3       sun.net.www.protocol.jar.Handler::parseContextSpec (150 bytes)
Event: 4.468 Thread 0x000002327c30e840 nmethod 1412 0x000002326b38b110 code [0x000002326b38b5a0, 0x000002326b38d238]
Event: 4.468 Thread 0x000002327c30e840 1413       3       sun.net.www.protocol.jar.Handler::canonicalizeString (72 bytes)
Event: 4.469 Thread 0x000002327c30e840 nmethod 1413 0x000002326b38dc90 code [0x000002326b38df80, 0x000002326b38ee08]
Event: 4.481 Thread 0x000002327c2e0830 1414       4       java.util.HashMap::put (13 bytes)
Event: 4.489 Thread 0x000002327c30e840 1415       1       org.eclipse.osgi.internal.framework.BundleContextImpl::isValid (5 bytes)
Event: 4.489 Thread 0x000002327c30e840 nmethod 1415 0x0000023272c77690 code [0x0000023272c77820, 0x0000023272c778f8]

GC Heap History (2 events):
Event: 3.245 GC heap before
{Heap before GC invocations=1 (full 0):
 PSYoungGen      total 29696K, used 25600K [0x00000000eab00000, 0x00000000ecc00000, 0x0000000100000000)
  eden space 25600K, 100% used [0x00000000eab00000,0x00000000ec400000,0x00000000ec400000)
  from space 4096K, 0% used [0x00000000ec800000,0x00000000ec800000,0x00000000ecc00000)
  to   space 4096K, 0% used [0x00000000ec400000,0x00000000ec400000,0x00000000ec800000)
 ParOldGen       total 68608K, used 0K [0x00000000c0000000, 0x00000000c4300000, 0x00000000eab00000)
  object space 68608K, 0% used [0x00000000c0000000,0x00000000c0000000,0x00000000c4300000)
 Metaspace       used 10972K, committed 11200K, reserved 1114112K
  class space    used 1090K, committed 1216K, reserved 1048576K
}
Event: 3.265 GC heap after
{Heap after GC invocations=1 (full 0):
 PSYoungGen      total 29696K, used 3140K [0x00000000eab00000, 0x00000000ecc00000, 0x0000000100000000)
  eden space 25600K, 0% used [0x00000000eab00000,0x00000000eab00000,0x00000000ec400000)
  from space 4096K, 76% used [0x00000000ec400000,0x00000000ec7112e0,0x00000000ec800000)
  to   space 4096K, 0% used [0x00000000ec800000,0x00000000ec800000,0x00000000ecc00000)
 ParOldGen       total 68608K, used 0K [0x00000000c0000000, 0x00000000c4300000, 0x00000000eab00000)
  object space 68608K, 0% used [0x00000000c0000000,0x00000000c0000000,0x00000000c4300000)
 Metaspace       used 10972K, committed 11200K, reserved 1114112K
  class space    used 1090K, committed 1216K, reserved 1048576K
}

Dll operation events (8 events):
Event: 0.057 Loaded shared library c:\Users\quato\.vscode\extensions\redhat.java-1.33.0-win32-x64\jre\17.0.11-win32-x86_64\bin\java.dll
Event: 0.782 Loaded shared library c:\Users\quato\.vscode\extensions\redhat.java-1.33.0-win32-x64\jre\17.0.11-win32-x86_64\bin\zip.dll
Event: 0.788 Loaded shared library C:\Users\quato\.vscode\extensions\redhat.java-1.33.0-win32-x64\jre\17.0.11-win32-x86_64\bin\instrument.dll
Event: 0.843 Loaded shared library C:\Users\quato\.vscode\extensions\redhat.java-1.33.0-win32-x64\jre\17.0.11-win32-x86_64\bin\net.dll
Event: 0.849 Loaded shared library C:\Users\quato\.vscode\extensions\redhat.java-1.33.0-win32-x64\jre\17.0.11-win32-x86_64\bin\nio.dll
Event: 0.940 Loaded shared library C:\Users\quato\.vscode\extensions\redhat.java-1.33.0-win32-x64\jre\17.0.11-win32-x86_64\bin\zip.dll
Event: 1.113 Loaded shared library C:\Users\quato\.vscode\extensions\redhat.java-1.33.0-win32-x64\jre\17.0.11-win32-x86_64\bin\jimage.dll
Event: 1.363 Loaded shared library c:\Users\quato\.vscode\extensions\redhat.java-1.33.0-win32-x64\jre\17.0.11-win32-x86_64\bin\verify.dll

Deoptimization events (20 events):
Event: 3.918 Thread 0x000002326846ede0 Uncommon trap: trap_request=0xffffffc6 fr.pc=0x0000023272c0afe0 relative=0x00000000000002c0
Event: 3.918 Thread 0x000002326846ede0 Uncommon trap: reason=bimorphic_or_optimized_type_check action=maybe_recompile pc=0x0000023272c0afe0 method=java.util.Collections$UnmodifiableCollection$1.next()Ljava/lang/Object; @ 4 c2
Event: 3.918 Thread 0x000002326846ede0 DEOPT PACKING pc=0x0000023272c0afe0 sp=0x000000c445bf7d40
Event: 3.918 Thread 0x000002326846ede0 DEOPT UNPACKING pc=0x00000232726966a3 sp=0x000000c445bf7cf0 mode 2
Event: 3.918 Thread 0x000002326846ede0 Uncommon trap: trap_request=0xffffffc6 fr.pc=0x0000023272c0afe0 relative=0x00000000000002c0
Event: 3.918 Thread 0x000002326846ede0 Uncommon trap: reason=bimorphic_or_optimized_type_check action=maybe_recompile pc=0x0000023272c0afe0 method=java.util.Collections$UnmodifiableCollection$1.next()Ljava/lang/Object; @ 4 c2
Event: 3.918 Thread 0x000002326846ede0 DEOPT PACKING pc=0x0000023272c0afe0 sp=0x000000c445bf7d40
Event: 3.918 Thread 0x000002326846ede0 DEOPT UNPACKING pc=0x00000232726966a3 sp=0x000000c445bf7cf0 mode 2
Event: 4.451 Thread 0x000002326846ede0 Uncommon trap: trap_request=0xffffffde fr.pc=0x0000023272c67410 relative=0x00000000000009f0
Event: 4.451 Thread 0x000002326846ede0 Uncommon trap: reason=class_check action=maybe_recompile pc=0x0000023272c67410 method=java.util.HashMap.putVal(ILjava/lang/Object;Ljava/lang/Object;ZZ)Ljava/lang/Object; @ 253 c2
Event: 4.451 Thread 0x000002326846ede0 DEOPT PACKING pc=0x0000023272c67410 sp=0x000000c445bfdba0
Event: 4.451 Thread 0x000002326846ede0 DEOPT UNPACKING pc=0x00000232726966a3 sp=0x000000c445bfdac8 mode 2
Event: 4.453 Thread 0x000002326846ede0 Uncommon trap: trap_request=0xffffffde fr.pc=0x0000023272c67410 relative=0x00000000000009f0
Event: 4.453 Thread 0x000002326846ede0 Uncommon trap: reason=class_check action=maybe_recompile pc=0x0000023272c67410 method=java.util.HashMap.putVal(ILjava/lang/Object;Ljava/lang/Object;ZZ)Ljava/lang/Object; @ 253 c2
Event: 4.453 Thread 0x000002326846ede0 DEOPT PACKING pc=0x0000023272c67410 sp=0x000000c445bfdba0
Event: 4.453 Thread 0x000002326846ede0 DEOPT UNPACKING pc=0x00000232726966a3 sp=0x000000c445bfdac8 mode 2
Event: 4.455 Thread 0x000002326846ede0 Uncommon trap: trap_request=0xffffffde fr.pc=0x0000023272c65b94 relative=0x0000000000000974
Event: 4.455 Thread 0x000002326846ede0 Uncommon trap: reason=class_check action=maybe_recompile pc=0x0000023272c65b94 method=java.util.HashMap.putVal(ILjava/lang/Object;Ljava/lang/Object;ZZ)Ljava/lang/Object; @ 253 c2
Event: 4.455 Thread 0x000002326846ede0 DEOPT PACKING pc=0x0000023272c65b94 sp=0x000000c445bfda10
Event: 4.455 Thread 0x000002326846ede0 DEOPT UNPACKING pc=0x00000232726966a3 sp=0x000000c445bfd9c0 mode 2

Classes unloaded (0 events):
No events

Classes redefined (0 events):
No events

Internal exceptions (20 events):
Event: 2.463 Thread 0x000002326846ede0 Exception <a 'java/io/FileNotFoundException'{0x00000000eb8969d8}> (0x00000000eb8969d8) 
thrown [s\src\hotspot\share\prims\jni.cpp, line 516]
Event: 2.469 Thread 0x000002326846ede0 Implicit null exception at 0x0000023272c04472 to 0x0000023272c049c0
Event: 2.469 Thread 0x000002326846ede0 Implicit null exception at 0x0000023272c05072 to 0x0000023272c055d4
Event: 2.475 Thread 0x000002326846ede0 Exception <a 'java/io/FileNotFoundException'{0x00000000eb8cf7e8}> (0x00000000eb8cf7e8) 
thrown [s\src\hotspot\share\prims\jni.cpp, line 516]
Event: 3.031 Thread 0x000002326846ede0 Exception <a 'java/lang/ClassNotFoundException'{0x00000000ec0eb6f8}: sun/net/www/protocol/c/Handler> (0x00000000ec0eb6f8) 
thrown [s\src\hotspot\share\classfile\systemDictionary.cpp, line 256]
Event: 3.032 Thread 0x000002326846ede0 Exception <a 'java/lang/ClassNotFoundException'{0x00000000ec0ec9f8}: sun/net/www/protocol/c/Handler> (0x00000000ec0ec9f8) 
thrown [s\src\hotspot\share\classfile\systemDictionary.cpp, line 256]
Event: 3.033 Thread 0x000002326846ede0 Exception <a 'java/lang/ClassNotFoundException'{0x00000000ec0edb10}: sun/net/www/protocol/c/Handler> (0x00000000ec0edb10) 
thrown [s\src\hotspot\share\classfile\systemDictionary.cpp, line 256]
Event: 3.050 Thread 0x000002326846ede0 Exception <a 'java/io/FileNotFoundException'{0x00000000ec110ff0}> (0x00000000ec110ff0) 
thrown [s\src\hotspot\share\prims\jni.cpp, line 516]
Event: 3.131 Thread 0x000002326846ede0 Implicit null exception at 0x0000023272c27b60 to 0x0000023272c285a4
Event: 3.131 Thread 0x000002326846ede0 Implicit null exception at 0x0000023272c3706c to 0x0000023272c37268
Event: 3.131 Thread 0x000002326846ede0 Implicit null exception at 0x0000023272c41cec to 0x0000023272c41ed8
Event: 3.131 Thread 0x000002326846ede0 Implicit null exception at 0x0000023272c2778f to 0x0000023272c27809
Event: 3.236 Thread 0x000002326846ede0 Exception <a 'java/lang/NoSuchMethodError'{0x00000000ec3eb228}: 'int java.lang.invoke.DirectMethodHandle$Holder.invokeStaticInit(java.lang.Object, java.lang.Object, java.lang.Object, java.lang.Object)'> (0x00000000ec3eb228) 
thrown [s\src\hotspot\share\interpreter\linkResolver.cpp, line 759]
Event: 3.241 Thread 0x000002326846ede0 Exception <a 'java/lang/NoSuchMethodError'{0x00000000ec3f5898}: 'java.lang.Object java.lang.invoke.DirectMethodHandle$Holder.invokeInterface(java.lang.Object, java.lang.Object)'> (0x00000000ec3f5898) 
thrown [s\src\hotspot\share\interpreter\linkResolver.cpp, line 759]
Event: 3.242 Thread 0x000002326846ede0 Exception <a 'java/lang/IncompatibleClassChangeError'{0x00000000ec3f9090}: Found class java.lang.Object, but interface was expected> (0x00000000ec3f9090) 
thrown [s\src\hotspot\share\interpreter\linkResolver.cpp, line 826]
Event: 3.243 Thread 0x000002326846ede0 Exception <a 'java/lang/NoSuchMethodError'{0x00000000ec3fd580}: 'void java.lang.invoke.DirectMethodHandle$Holder.invokeStatic(java.lang.Object, java.lang.Object)'> (0x00000000ec3fd580) 
thrown [s\src\hotspot\share\interpreter\linkResolver.cpp, line 759]
Event: 3.269 Thread 0x000002326846ede0 Exception <a 'java/lang/NoSuchMethodError'{0x00000000eab01060}: 'void java.lang.invoke.DirectMethodHandle$Holder.invokeStaticInit(java.lang.Object, java.lang.Object)'> (0x00000000eab01060) 
thrown [s\src\hotspot\share\interpreter\linkResolver.cpp, line 759]
Event: 3.271 Thread 0x000002326846ede0 Exception <a 'java/lang/NoSuchMethodError'{0x00000000eab085f0}: 'int java.lang.invoke.DirectMethodHandle$Holder.invokeStaticInit(java.lang.Object, java.lang.Object)'> (0x00000000eab085f0) 
thrown [s\src\hotspot\share\interpreter\linkResolver.cpp, line 759]
Event: 3.412 Thread 0x000002326846ede0 Exception <a 'java/lang/NoSuchMethodError'{0x00000000eac31350}: 'void java.lang.invoke.DirectMethodHandle$Holder.invokeSpecial(java.lang.Object, java.lang.Object, java.lang.Object)'> (0x00000000eac31350) 
thrown [s\src\hotspot\share\interpreter\linkResolver.cpp, line 759]
Event: 4.386 Thread 0x000002326846ede0 Exception <a 'java/lang/NoSuchMethodError'{0x00000000eb8da638}: 'java.lang.Object java.lang.invoke.DirectMethodHandle$Holder.newInvokeSpecial(java.lang.Object, int, java.lang.Object)'> (0x00000000eb8da638) 
thrown [s\src\hotspot\share\interpreter\linkResolver.cpp, line 759]

VM Operations (20 events):
Event: 1.163 Executing VM operation: HandshakeAllThreads
Event: 1.163 Executing VM operation: HandshakeAllThreads done
Event: 2.168 Executing VM operation: Cleanup
Event: 2.187 Executing VM operation: Cleanup done
Event: 2.320 Executing VM operation: HandshakeAllThreads
Event: 2.320 Executing VM operation: HandshakeAllThreads done
Event: 2.392 Executing VM operation: HandshakeAllThreads
Event: 2.392 Executing VM operation: HandshakeAllThreads done
Event: 3.244 Executing VM operation: ParallelGCFailedAllocation
Event: 3.265 Executing VM operation: ParallelGCFailedAllocation done
Event: 4.276 Executing VM operation: Cleanup
Event: 4.305 Executing VM operation: Cleanup done
Event: 4.317 Executing VM operation: HandshakeAllThreads
Event: 4.317 Executing VM operation: HandshakeAllThreads done
Event: 4.318 Executing VM operation: HandshakeAllThreads
Event: 4.318 Executing VM operation: HandshakeAllThreads done
Event: 4.330 Executing VM operation: HandshakeAllThreads
Event: 4.330 Executing VM operation: HandshakeAllThreads done
Event: 4.379 Executing VM operation: HandshakeAllThreads
Event: 4.379 Executing VM operation: HandshakeAllThreads done

Events (20 events):
Event: 4.265 loading class java/lang/ApplicationShutdownHooks$1
Event: 4.266 loading class java/lang/ApplicationShutdownHooks$1 done
Event: 4.312 loading class java/util/concurrent/TimeUnit$1
Event: 4.313 loading class java/util/concurrent/TimeUnit$1 done
Event: 4.313 loading class java/util/concurrent/locks/AbstractQueuedSynchronizer$ConditionNode
Event: 4.313 loading class java/util/concurrent/locks/AbstractQueuedSynchronizer$Node
Event: 4.314 loading class java/util/concurrent/locks/AbstractQueuedSynchronizer$Node done
Event: 4.314 loading class java/util/concurrent/locks/AbstractQueuedSynchronizer$ConditionNode done
Event: 4.329 loading class java/util/ArrayList$ListItr
Event: 4.329 loading class java/util/ArrayList$ListItr done
Event: 4.378 loading class java/util/LinkedList
Event: 4.379 loading class java/util/AbstractSequentialList
Event: 4.379 loading class java/util/AbstractSequentialList done
Event: 4.379 loading class java/util/LinkedList done
Event: 4.453 loading class java/util/ConcurrentModificationException
Event: 4.453 loading class java/util/ConcurrentModificationException done
Event: 4.463 loading class java/net/ContentHandlerFactory
Event: 4.463 loading class java/net/ContentHandlerFactory done
Event: 4.469 loading class java/net/ContentHandler
Event: 4.469 loading class java/net/ContentHandler done


Dynamic libraries:
0x00007ff784b80000 - 0x00007ff784b8e000 	c:\Users\quato\.vscode\extensions\redhat.java-1.33.0-win32-x64\jre\17.0.11-win32-x86_64\bin\java.exe
0x00007ffd1e070000 - 0x00007ffd1e268000 	C:\WINDOWS\SYSTEM32\ntdll.dll
0x00007ffd1c6a0000 - 0x00007ffd1c761000 	C:\WINDOWS\System32\KERNEL32.DLL
0x00007ffd1ba80000 - 0x00007ffd1bd7d000 	C:\WINDOWS\System32\KERNELBASE.dll
0x00007ffd1b720000 - 0x00007ffd1b820000 	C:\WINDOWS\System32\ucrtbase.dll
0x00007ffd01860000 - 0x00007ffd01877000 	c:\Users\quato\.vscode\extensions\redhat.java-1.33.0-win32-x64\jre\17.0.11-win32-x86_64\bin\jli.dll
0x00007ffd1c300000 - 0x00007ffd1c49d000 	C:\WINDOWS\System32\USER32.dll
0x00007ffd1be80000 - 0x00007ffd1bea2000 	C:\WINDOWS\System32\win32u.dll
0x00007ffd1c5e0000 - 0x00007ffd1c60b000 	C:\WINDOWS\System32\GDI32.dll
0x00007ffd1bf50000 - 0x00007ffd1c067000 	C:\WINDOWS\System32\gdi32full.dll
0x00007ffd1beb0000 - 0x00007ffd1bf4d000 	C:\WINDOWS\System32\msvcp_win.dll
0x00007ffd01590000 - 0x00007ffd015ab000 	c:\Users\quato\.vscode\extensions\redhat.java-1.33.0-win32-x64\jre\17.0.11-win32-x86_64\bin\VCRUNTIME140.dll
0x00007ffcfe7c0000 - 0x00007ffcfea5a000 	C:\WINDOWS\WinSxS\amd64_microsoft.windows.common-controls_6595b64144ccf1df_6.0.19041.4355_none_60b8b9eb71f62e16\COMCTL32.dll
0x00007ffd1c1b0000 - 0x00007ffd1c24e000 	C:\WINDOWS\System32\msvcrt.dll
0x00007ffd1c580000 - 0x00007ffd1c5af000 	C:\WINDOWS\System32\IMM32.DLL
0x00007ffd04670000 - 0x00007ffd0467c000 	c:\Users\quato\.vscode\extensions\redhat.java-1.33.0-win32-x64\jre\17.0.11-win32-x86_64\bin\vcruntime140_1.dll
0x00007ffceabb0000 - 0x00007ffceac3d000 	c:\Users\quato\.vscode\extensions\redhat.java-1.33.0-win32-x64\jre\17.0.11-win32-x86_64\bin\msvcp140.dll
0x00007ffca7e50000 - 0x00007ffca8ab2000 	c:\Users\quato\.vscode\extensions\redhat.java-1.33.0-win32-x64\jre\17.0.11-win32-x86_64\bin\server\jvm.dll
0x00007ffd1c770000 - 0x00007ffd1c820000 	C:\WINDOWS\System32\ADVAPI32.dll
0x00007ffd1d030000 - 0x00007ffd1d0d0000 	C:\WINDOWS\System32\sechost.dll
0x00007ffd1cc90000 - 0x00007ffd1cdb3000 	C:\WINDOWS\System32\RPCRT4.dll
0x00007ffd1c070000 - 0x00007ffd1c097000 	C:\WINDOWS\System32\bcrypt.dll
0x00007ffd1b010000 - 0x00007ffd1b05b000 	C:\WINDOWS\SYSTEM32\POWRPROF.dll
0x00007ffd06540000 - 0x00007ffd06549000 	C:\WINDOWS\SYSTEM32\WSOCK32.dll
0x00007ffd1cc20000 - 0x00007ffd1cc8b000 	C:\WINDOWS\System32\WS2_32.dll
0x00007ffcfc980000 - 0x00007ffcfc9a7000 	C:\WINDOWS\SYSTEM32\WINMM.dll
0x00007ffd14300000 - 0x00007ffd1430a000 	C:\WINDOWS\SYSTEM32\VERSION.dll
0x00007ffd1aff0000 - 0x00007ffd1b002000 	C:\WINDOWS\SYSTEM32\UMPDC.dll
0x00007ffd19580000 - 0x00007ffd19592000 	C:\WINDOWS\SYSTEM32\kernel.appcore.dll
0x00007ffd02ab0000 - 0x00007ffd02aba000 	c:\Users\quato\.vscode\extensions\redhat.java-1.33.0-win32-x64\jre\17.0.11-win32-x86_64\bin\jimage.dll
0x00007ffd14be0000 - 0x00007ffd14dc4000 	C:\WINDOWS\SYSTEM32\DBGHELP.DLL
0x00007ffd14270000 - 0x00007ffd142a4000 	C:\WINDOWS\SYSTEM32\dbgcore.DLL
0x00007ffd1b820000 - 0x00007ffd1b8a2000 	C:\WINDOWS\System32\bcryptPrimitives.dll
0x00007ffd01910000 - 0x00007ffd0191e000 	c:\Users\quato\.vscode\extensions\redhat.java-1.33.0-win32-x64\jre\17.0.11-win32-x86_64\bin\instrument.dll
0x00007ffd00490000 - 0x00007ffd004b5000 	c:\Users\quato\.vscode\extensions\redhat.java-1.33.0-win32-x64\jre\17.0.11-win32-x86_64\bin\java.dll
0x00007ffd00860000 - 0x00007ffd00878000 	c:\Users\quato\.vscode\extensions\redhat.java-1.33.0-win32-x64\jre\17.0.11-win32-x86_64\bin\zip.dll
0x00007ffd1d7f0000 - 0x00007ffd1df5f000 	C:\WINDOWS\System32\SHELL32.dll
0x00007ffd19780000 - 0x00007ffd19f1f000 	C:\WINDOWS\SYSTEM32\windows.storage.dll
0x00007ffd1c8c0000 - 0x00007ffd1cc13000 	C:\WINDOWS\System32\combase.dll
0x00007ffd1b060000 - 0x00007ffd1b08e000 	C:\WINDOWS\SYSTEM32\Wldp.dll
0x00007ffd1df60000 - 0x00007ffd1e02d000 	C:\WINDOWS\System32\OLEAUT32.dll
0x00007ffd1c250000 - 0x00007ffd1c2fd000 	C:\WINDOWS\System32\SHCORE.dll
0x00007ffd1cfd0000 - 0x00007ffd1d025000 	C:\WINDOWS\System32\shlwapi.dll
0x00007ffd1b650000 - 0x00007ffd1b674000 	C:\WINDOWS\SYSTEM32\profapi.dll
0x00007ffcfffd0000 - 0x00007ffcfffe9000 	C:\Users\quato\.vscode\extensions\redhat.java-1.33.0-win32-x64\jre\17.0.11-win32-x86_64\bin\net.dll
0x00007ffd127b0000 - 0x00007ffd128bd000 	C:\WINDOWS\SYSTEM32\WINHTTP.dll
0x00007ffd1ad70000 - 0x00007ffd1adda000 	C:\WINDOWS\system32\mswsock.dll
0x00007ffcffda0000 - 0x00007ffcffdb6000 	C:\Users\quato\.vscode\extensions\redhat.java-1.33.0-win32-x64\jre\17.0.11-win32-x86_64\bin\nio.dll
0x00007ffd01150000 - 0x00007ffd01160000 	c:\Users\quato\.vscode\extensions\redhat.java-1.33.0-win32-x64\jre\17.0.11-win32-x86_64\bin\verify.dll

dbghelp: loaded successfully - version: 4.0.5 - missing functions: none
symbol engine: initialized successfully - sym options: 0x614 - pdb path: .;c:\Users\quato\.vscode\extensions\redhat.java-1.33.0-win32-x64\jre\17.0.11-win32-x86_64\bin;C:\WINDOWS\SYSTEM32;C:\WINDOWS\WinSxS\amd64_microsoft.windows.common-controls_6595b64144ccf1df_6.0.19041.4355_none_60b8b9eb71f62e16;c:\Users\quato\.vscode\extensions\redhat.java-1.33.0-win32-x64\jre\17.0.11-win32-x86_64\bin\server

VM Arguments:
jvm_args: --add-modules=ALL-SYSTEM --add-opens=java.base/java.util=ALL-UNNAMED --add-opens=java.base/java.lang=ALL-UNNAMED --add-opens=java.base/sun.nio.fs=ALL-UNNAMED -Declipse.application=org.eclipse.jdt.ls.core.id1 -Dosgi.bundles.defaultStartLevel=4 -Declipse.product=org.eclipse.jdt.ls.core.product -Djava.import.generatesMetadataFilesAtProjectRoot=false -DDetectVMInstallationsJob.disabled=true -Dfile.encoding=utf8 -XX:+UseParallelGC -XX:GCTimeRatio=4 -XX:AdaptiveSizePolicyWeight=90 -Dsun.zip.disableMemoryMapping=true -Xmx1G -Xms100m -Xlog:disable -javaagent:c:\Users\quato\.vscode\extensions\redhat.java-1.33.0-win32-x64\lombok\lombok-1.18.33.jar 
java_command: c:\Users\quato\.vscode\extensions\redhat.java-1.33.0-win32-x64\server\plugins\org.eclipse.equinox.launcher_1.6.900.v20240613-2009.jar -configuration c:\Users\quato\AppData\Roaming\Code\User\globalStorage\redhat.java\1.33.0\config_ss_win -data c:\Users\quato\AppData\Roaming\Code\User\workspaceStorage\fdc9cdd886b1fefd2b4354266d6ebaa6\redhat.java\ss_ws --pipe=\\.\pipe\lsp-d4934b2c9c93d8ad28cad43c6afd6bda-sock
java_class_path (initial): c:\Users\quato\.vscode\extensions\redhat.java-1.33.0-win32-x64\server\plugins\org.eclipse.equinox.launcher_1.6.900.v20240613-2009.jar
Launcher Type: SUN_STANDARD

[Global flags]
    uintx AdaptiveSizePolicyWeight                 = 90                                        {product} {command line}
     intx CICompilerCount                          = 3                                         {product} {ergonomic}
    uintx GCTimeRatio                              = 4                                         {product} {command line}
   size_t InitialHeapSize                          = 104857600                                 {product} {command line}
   size_t MaxHeapSize                              = 1073741824                                {product} {command line}
   size_t MaxNewSize                               = 357564416                                 {product} {ergonomic}
   size_t MinHeapDeltaBytes                        = 524288                                    {product} {ergonomic}
   size_t MinHeapSize                              = 104857600                                 {product} {command line}
   size_t NewSize                                  = 34603008                                  {product} {ergonomic}
    uintx NonNMethodCodeHeapSize                   = 5832780                                {pd product} {ergonomic}
    uintx NonProfiledCodeHeapSize                  = 122912730                              {pd product} {ergonomic}
   size_t OldSize                                  = 70254592                                  {product} {ergonomic}
    uintx ProfiledCodeHeapSize                     = 122912730                              {pd product} {ergonomic}
    uintx ReservedCodeCacheSize                    = 251658240                              {pd product} {ergonomic}
     bool SegmentedCodeCache                       = true                                      {product} {ergonomic}
   size_t SoftMaxHeapSize                          = 1073741824                             {manageable} {ergonomic}
     bool UseCompressedClassPointers               = true                           {product lp64_product} {ergonomic}
     bool UseCompressedOops                        = true                           {product lp64_product} {ergonomic}
     bool UseLargePagesIndividualAllocation        = false                                  {pd product} {ergonomic}
     bool UseParallelGC                            = true                                      {product} {command line}

Logging:
Log output configuration:
 #0: stdout all=off uptime,level,tags
 #1: stderr all=off uptime,level,tags

Environment Variables:
JAVA_HOME=C:\Users\quato\AppData\Local\Programs\Eclipse Adoptium\jdk-17.0.4.101-hotspot\
PATH=C:\Program Files\Common Files\Oracle\Java\javapath;C:\Python312\Scripts\;C:\Python312\;C:\Program Files (x86)\Common Files\Oracle\Java\javapath;C:\WINDOWS\system32;C:\WINDOWS;C:\WINDOWS\System32\Wbem;C:\WINDOWS\System32\WindowsPowerShell\v1.0\;C:\WINDOWS\System32\OpenSSH\;C:\ProgramData\chocolatey\bin;C:\xampp\php;%NVM_HOME%;%NVM_SYMLINK%;C:\Program Files\PuTTY\;C:\Program Files\Docker\Docker\resources\bin;C:\Users\quato\AppData\Local\Programs\Eclipse Adoptium\jdk-17.0.4.101-hotspot\bin;C:\Users\quato\AppData\Local\Microsoft\WindowsApps;C:\Users\quato\AppData\Local\Programs\Microsoft VS Code\bin;C:\Users\quato\AppData\Roaming\npm;C:\Users\quato\AppData\Roaming\nvm;C:\Program Files\nodejs
USERNAME=quato
OS=Windows_NT
PROCESSOR_IDENTIFIER=Intel64 Family 6 Model 94 Stepping 3, GenuineIntel
TMP=C:\Users\quato\AppData\Local\Temp
TEMP=C:\Users\quato\AppData\Local\Temp



Periodic native trim disabled


---------------  S Y S T E M  ---------------

OS:
 Windows 10 , 64 bit Build 19041 (10.0.19041.4717)
OS uptime: 0 days 2:00 hours
Hyper-V role detected

CPU: total 4 (initial active 4) (2 cores per cpu, 2 threads per core) family 6 model 94 stepping 3 microcode 0xec, cx8, cmov, fxsr, ht, mmx, 3dnowpref, sse, sse2, sse3, ssse3, sse4.1, sse4.2, popcnt, lzcnt, tsc, tscinvbit, avx, avx2, aes, erms, clmul, bmi1, bmi2, adx, fma, vzeroupper, clflush, clflushopt, hv
Processor Information for all 4 processors :
  Max Mhz: 3696, Current Mhz: 3696, Mhz Limit: 3696

Memory: 4k page, system-wide physical 8076M (586M free)
TotalPageFile size 13168M (AvailPageFile size 2M)
current process WorkingSet (physical memory assigned to process): 82M, peak: 82M
current process commit charge ("private bytes"): 190M, peak: 191M

vm_info: OpenJDK 64-Bit Server VM (17.0.11+9) for windows-amd64 JRE (17.0.11+9), built on Apr 17 2024 06:07:48 by "admin" with MS VC++ 16.10 / 16.11 (VS2019)

END.
